<?xml version="1.0" encoding="UTF-8"?>
<testng-results ignored="0" total="1" passed="1" failed="0" skipped="0">
  <reporter-output>
  </reporter-output>
  <suite started-at="2025-02-08T14:06:59 IST" name="Default suite" finished-at="2025-02-08T14:08:19 IST" duration-ms="79481">
    <groups>
    </groups>
    <test started-at="2025-02-08T14:06:59 IST" name="Default test" finished-at="2025-02-08T14:08:19 IST" duration-ms="79481">
      <class name="project_maven_ecommerce.EcommerceProject.TestCase6">
        <test-method signature="SearchProduct()[pri:0, instance:project_maven_ecommerce.EcommerceProject.TestCase6@481a996b]" started-at="2025-02-08T14:06:59 IST" name="SearchProduct" finished-at="2025-02-08T14:08:19 IST" duration-ms="79444" status="PASS">
          <reporter-output>
          </reporter-output>
        </test-method> <!-- SearchProduct -->
      </class> <!-- project_maven_ecommerce.EcommerceProject.TestCase6 -->
    </test> <!-- Default test -->
  </suite> <!-- Default suite -->
</testng-results>
